  main.cpp
C:\Users\Song\source\repos\WinAPI\WinAPI\ks_Math.h(16,6): warning C4244: '초기화 중': 'int'에서 'float'(으)로 변환하면서 데이터가 손실될 수 있습니다.
C:\Users\Song\source\repos\WinAPI\WinAPI\ks_Math.h(17,6): warning C4244: '초기화 중': 'int'에서 'float'(으)로 변환하면서 데이터가 손실될 수 있습니다.
C:\Users\Song\source\repos\WinAPI\WinAPI\main.cpp(34,25): error C2065: 'IDS_APP_TITLE': 선언되지 않은 식별자입니다.
C:\Users\Song\source\repos\WinAPI\WinAPI\main.cpp(35,25): error C2065: 'IDC_WINAPI': 선언되지 않은 식별자입니다.
C:\Users\Song\source\repos\WinAPI\WinAPI\main.cpp(44,51): error C2065: 'IDC_WINAPI': 선언되지 않은 식별자입니다.
C:\Users\Song\source\repos\WinAPI\WinAPI\main.cpp(93,44): error C2065: 'IDI_WINAPI': 선언되지 않은 식별자입니다.
C:\Users\Song\source\repos\WinAPI\WinAPI\main.cpp(96,24): error C2065: 'IDC_WINAPI': 선언되지 않은 식별자입니다.
C:\Users\Song\source\repos\WinAPI\WinAPI\main.cpp(98,49): error C2065: 'IDI_SMALL': 선언되지 않은 식별자입니다.
C:\Users\Song\source\repos\WinAPI\WinAPI\main.cpp(153,9): error C2065: 'IDM_ABOUT': 선언되지 않은 식별자입니다.
C:\Users\Song\source\repos\WinAPI\WinAPI\main.cpp(153,9): error C2131: 식이 상수로 계산되지 않았습니다.
C:\Users\Song\source\repos\WinAPI\WinAPI\main.cpp(153,9): message : 상수가 아닌 식 또는 부분식이 있습니다.
C:\Users\Song\source\repos\WinAPI\WinAPI\main.cpp(154,5): error C2065: 'IDD_ABOUTBOX': 선언되지 않은 식별자입니다.
C:\Users\Song\source\repos\WinAPI\WinAPI\main.cpp(156,9): error C2065: 'IDM_EXIT': 선언되지 않은 식별자입니다.
C:\Users\Song\source\repos\WinAPI\WinAPI\main.cpp(156,9): error C2131: 식이 상수로 계산되지 않았습니다.
C:\Users\Song\source\repos\WinAPI\WinAPI\main.cpp(156,9): message : 상수가 아닌 식 또는 부분식이 있습니다.
C:\Users\Song\source\repos\WinAPI\WinAPI\main.cpp(153,1): error C2051: case 식이 상수가 아닙니다.
C:\Users\Song\source\repos\WinAPI\WinAPI\main.cpp(156,1): error C2051: case 식이 상수가 아닙니다.
C:\Users\Song\source\repos\WinAPI\WinAPI\main.cpp(161,4): warning C4065: switch문에 'default'가 있으나 'case' 레이블이 없습니다.
  Player.cpp
C:\Users\Song\source\repos\WinAPI\WinAPI\ks_Math.h(16,6): warning C4244: '초기화 중': 'int'에서 'float'(으)로 변환하면서 데이터가 손실될 수 있습니다.
C:\Users\Song\source\repos\WinAPI\WinAPI\ks_Math.h(17,6): warning C4244: '초기화 중': 'int'에서 'float'(으)로 변환하면서 데이터가 손실될 수 있습니다.
C:\Users\Song\source\repos\WinAPI\WinAPI\Resources.h(50,22): error C3861: 'str': 식별자를 찾을 수 없습니다.
C:\Users\Song\source\repos\WinAPI\WinAPI\Resources.h(29,13): message : 이 진단은 컴파일러 생성 함수 'T *ks::Resources::Load(const std::wstring &,const std::wstring &)'에서 수행되었습니다.
C:\Users\Song\source\repos\WinAPI\WinAPI\Resources.h(50,22): error C2065: 'str': 선언되지 않은 식별자입니다.
C:\Users\Song\source\repos\WinAPI\WinAPI\Resources.h(29,13): message : 이 진단은 컴파일러 생성 함수 'T *ks::Resources::Load(const std::wstring &,const std::wstring &)'에서 수행되었습니다.
C:\Users\Song\source\repos\WinAPI\WinAPI\Player.cpp(35,19): warning C4244: '-=': 'double'에서 'float'(으)로 변환하면서 데이터가 손실될 수 있습니다.
C:\Users\Song\source\repos\WinAPI\WinAPI\Player.cpp(40,19): warning C4244: '+=': 'double'에서 'float'(으)로 변환하면서 데이터가 손실될 수 있습니다.
C:\Users\Song\source\repos\WinAPI\WinAPI\Player.cpp(45,19): warning C4244: '-=': 'double'에서 'float'(으)로 변환하면서 데이터가 손실될 수 있습니다.
C:\Users\Song\source\repos\WinAPI\WinAPI\Player.cpp(50,19): warning C4244: '+=': 'double'에서 'float'(으)로 변환하면서 데이터가 손실될 수 있습니다.
C:\Users\Song\source\repos\WinAPI\WinAPI\Player.cpp(60,51): warning C4244: '인수': 'float'에서 'int'(으)로 변환하면서 데이터가 손실될 수 있습니다.
C:\Users\Song\source\repos\WinAPI\WinAPI\Player.cpp(60,38): warning C4244: '인수': 'float'에서 'int'(으)로 변환하면서 데이터가 손실될 수 있습니다.
C:\Users\Song\source\repos\WinAPI\WinAPI\Player.cpp(60,28): warning C4244: '인수': 'float'에서 'int'(으)로 변환하면서 데이터가 손실될 수 있습니다.
C:\Users\Song\source\repos\WinAPI\WinAPI\Player.cpp(60,21): warning C4244: '인수': 'float'에서 'int'(으)로 변환하면서 데이터가 손실될 수 있습니다.
  Time.cpp
C:\Users\Song\source\repos\WinAPI\WinAPI\Time.cpp(23,29): warning C4244: '초기화 중': 'LONGLONG'에서 'double'(으)로 변환하면서 데이터가 손실될 수 있습니다.
  코드를 생성하고 있습니다...
